<?xml version="1.0" encoding="UTF-8"?>
<testsuite xmlns:xsi="http://www.w3.org/2001/XMLSchema-instance" xsi:noNamespaceSchemaLocation="https://maven.apache.org/surefire/maven-surefire-plugin/xsd/surefire-test-report-3.0.xsd" version="3.0" name="unicamp.br.inf321.RunCucumberTest" time="8.903" tests="2" errors="0" skipped="0" failures="0">
  <properties>
[...]
</properties>
  <testcase name="Should show customer profile" classname="Customer Profile" time="7.952">
    <system-out><![CDATA[
Scenario: Should show customer profile              &amp#27;[90m# unicamp/br/inf321/CustomerProfile.feature:6&amp#27;[0m
Request method:	POST
Request URI:	http://multibags.1dt.com.br/api/v1/customer/login
Proxy:			<none>
Request params:	<none>
Query params:	<none>
Form params:	<none>
Path params:	<none>
Headers:		Accept=application/json
				Content-Type=application/json
Cookies:		<none>
Multiparts:		<none>
Body:
{
    "password": "aA#123456789",
    "username": "o181804@g.unicamp.br"
}
HTTP/1.1 200 
Date: Sat, 22 Feb 2025 12:50:19 GMT
Server: Apache/2.4.29 (Ubuntu)
Access-Control-Allow-Methods: POST, GET, PUT, OPTIONS, DELETE
Access-Control-Allow-Origin: *
Access-Control-Allow-Headers: X-Auth-Token, Content-Type, Authorization
Access-Control-Allow-Credentials: true
Content-Type: application/json;charset=UTF-8
Keep-Alive: timeout=5, max=100
Connection: Keep-Alive
Transfer-Encoding: chunked

{
    "id": 654,
    "token": "eyJhbGciOiJIUzUxMiJ9.eyJzdWIiOiJvMTgxODA0QGcudW5pY2FtcC5iciIsImF1ZCI6InVua25vd24iLCJleHAiOjE3NDA4MzM0MTksImlhdCI6MTc0MDIyODYxOX0.J5tD3s1i3xiC5LINtUCJTgFBJnlpUnuccm3GbbrbxZvJxClgu0ayCDJ2p8eqrfOVuC8ROP5Sval8-Ps3_35vUw"
}
  &amp#27;[32mGiven &amp#27;[0m&amp#27;[32mJhon is logged on the multibags application&amp#27;[0m &amp#27;[90m# unicamp.br.inf321.LoginStepDefinitions.jhonIsLoggedOnTheMultibagsApplication(java.util.Map<java.lang.String, java.lang.String>)&amp#27;[0m
    | email    | o181804@g.unicamp.br |
    | password | aA#123456789         |
Request method:	GET
Request URI:	http://multibags.1dt.com.br/api/v1/auth/customers/profile
Proxy:			<none>
Request params:	<none>
Query params:	<none>
Form params:	<none>
Path params:	<none>
Headers:		Accept=application/json
				Authorization=Bearer eyJhbGciOiJIUzUxMiJ9.eyJzdWIiOiJvMTgxODA0QGcudW5pY2FtcC5iciIsImF1ZCI6InVua25vd24iLCJleHAiOjE3NDA4MzM0MTksImlhdCI6MTc0MDIyODYxOX0.J5tD3s1i3xiC5LINtUCJTgFBJnlpUnuccm3GbbrbxZvJxClgu0ayCDJ2p8eqrfOVuC8ROP5Sval8-Ps3_35vUw
				Content-Type=application/json
Cookies:		<none>
Multiparts:		<none>
Body:			<none>
  &amp#27;[32mWhen &amp#27;[0m&amp#27;[32mhe selects the option to see his profile&amp#27;[0m     &amp#27;[90m# unicamp.br.inf321.CustomerProfileStepDefinitions.heSelectsTheOptionToSeeHisProfile()&amp#27;[0m
HTTP/1.1 200 
Date: Sat, 22 Feb 2025 12:50:22 GMT
Server: Apache/2.4.29 (Ubuntu)
Access-Control-Allow-Methods: POST, GET, PUT, OPTIONS, DELETE
Access-Control-Allow-Origin: *
Access-Control-Allow-Headers: X-Auth-Token, Content-Type, Authorization
Access-Control-Allow-Credentials: true
Cache-Control: no-cache, no-store, max-age=0, must-revalidate
Pragma: no-cache
Expires: 0
X-XSS-Protection: 1; mode=block
X-Frame-Options: DENY
X-Content-Type-Options: nosniff
Content-Type: application/json;charset=UTF-8
Keep-Alive: timeout=5, max=100
Connection: Keep-Alive
Transfer-Encoding: chunked

{
    "id": 654,
    "emailAddress": "o181804@g.unicamp.br",
    "billing": {
        "postalCode": null,
        "firstName": "o181804",
        "lastName": "unicamp",
        "bilstateOther": null,
        "company": null,
        "phone": null,
        "address": null,
        "city": null,
        "stateProvince": null,
        "billingAddress": false,
        "latitude": null,
        "longitude": null,
        "zone": null,
        "country": "BR"
    },
    "delivery": null,
    "gender": null,
    "language": null,
    "firstName": "o181804",
    "lastName": "unicamp",
    "provider": null,
    "storeCode": null,
    "userName": null,
    "rating": 0.0,
    "ratingCount": 0,
    "attributes": [
        
    ],
    "groups": [
        
    ]
}
  &amp#27;[32mThen &amp#27;[0m&amp#27;[32mhis profile should be shown with success&amp#27;[0m     &amp#27;[90m# unicamp.br.inf321.CustomerProfileStepDefinitions.hisProfileShouldBeShownWithSuccess()&amp#27;[0m
]]></system-out>
  </testcase>
  <testcase name="Login with valid credentials" classname="Login" time="0.63">
    <system-out><![CDATA[
Scenario: Login with valid credentials              &amp#27;[90m# unicamp/br/inf321/Login.feature:6&amp#27;[0m
  &amp#27;[32mGiven &amp#27;[0m&amp#27;[32mJuly is registered on the multibags website&amp#27;[0m &amp#27;[90m# unicamp.br.inf321.LoginStepDefinitions.isRegisteredOnTheMultibagsWebsite()&amp#27;[0m
Request method:	POST
Request URI:	http://multibags.1dt.com.br/api/v1/customer/login
Proxy:			<none>
Request params:	<none>
Query params:	<none>
Form params:	<none>
Path params:	<none>
Headers:		Accept=application/json
				Content-Type=application/json
Cookies:		<none>
Multiparts:		<none>
Body:
{
    "password": "aA#123456789",
    "username": "o181804@g.unicamp.br"
}
  &amp#27;[32mWhen &amp#27;[0m&amp#27;[32mshe logins with her credentials&amp#27;[0m              &amp#27;[90m# unicamp.br.inf321.LoginStepDefinitions.loginsWithValidCredentials(java.util.Map<java.lang.String, java.lang.String>)&amp#27;[0m
    | email    | o181804@g.unicamp.br |
    | password | aA#123456789         |
HTTP/1.1 200 
Date: Sat, 22 Feb 2025 12:50:22 GMT
Server: Apache/2.4.29 (Ubuntu)
Access-Control-Allow-Methods: POST, GET, PUT, OPTIONS, DELETE
Access-Control-Allow-Origin: *
Access-Control-Allow-Headers: X-Auth-Token, Content-Type, Authorization
Access-Control-Allow-Credentials: true
Content-Type: application/json;charset=UTF-8
Keep-Alive: timeout=5, max=100
Connection: Keep-Alive
Transfer-Encoding: chunked

{
    "id": 654,
    "token": "eyJhbGciOiJIUzUxMiJ9.eyJzdWIiOiJvMTgxODA0QGcudW5pY2FtcC5iciIsImF1ZCI6InVua25vd24iLCJleHAiOjE3NDA4MzM0MjMsImlhdCI6MTc0MDIyODYyM30.OdihjWfmf8kLNw3lXJ_ke38T0vO_RbVxSAxcpMhKIbzIa6h10SFZEcblu_im7Eh9xNCskdnc2NE0RnsYNZcaXg"
}
  &amp#27;[32mThen &amp#27;[0m&amp#27;[32mshe should be logged with success&amp#27;[0m            &amp#27;[90m# unicamp.br.inf321.LoginStepDefinitions.shouldBeLoggedWithSuccess()&amp#27;[0m
]]></system-out>
  </testcase>
</testsuite>